<?xml version="1.0" encoding="UTF-8"?>
<!-- Generated by org.testng.reporters.JUnitReportReporter -->
<testsuite skipped="0" hostname="HDC2-D-CL8MXJ2" name="testng.groupingdemo" tests="1" failures="0" timestamp="2020-01-29T17:15:54 IST" time="0.020" errors="0">
  <testcase name="login" time="0.020" classname="testng.groupingdemo"/>
</testsuite> <!-- testng.groupingdemo -->
