<?xml version="1.0" encoding="UTF-8"?>
<!-- Generated by org.testng.reporters.JUnitReportReporter -->
<testsuite skipped="0" hostname="HDC2-D-CL8MXJ2" name="testng.demo2" tests="2" failures="0" timestamp="2020-01-29T16:54:41 IST" time="0.019" errors="0">
  <testcase name="f" time="0.016" classname="testng.demo2"/>
  <testcase name="f" time="0.003" classname="testng.demo2"/>
</testsuite> <!-- testng.demo2 -->
